<?xml version="1.0" encoding="UTF-8"?>
<coverage generated="1588601763449" clover="3.2.0">
  <project timestamp="1588601763449" name="All files">
    <metrics statements="38" coveredstatements="26" conditionals="2" coveredconditionals="1" methods="16" coveredmethods="12" elements="56" coveredelements="39" complexity="0" loc="38" ncloc="38" packages="2" files="4" classes="4"/>
    <package name="assets.scss">
      <metrics statements="1" coveredstatements="1" conditionals="0" coveredconditionals="0" methods="0" coveredmethods="0"/>
      <file name="accordion.scss" path="/home/ramesh/projects/github/dzangolab/vue-accordion/src/assets/scss/accordion.scss">
        <metrics statements="1" coveredstatements="1" conditionals="0" coveredconditionals="0" methods="0" coveredmethods="0"/>
        <line num="1" count="1" type="stmt"/>
      </file>
    </package>
    <package name="components.Accordion">
      <metrics statements="37" coveredstatements="25" conditionals="2" coveredconditionals="1" methods="16" coveredmethods="12"/>
      <file name="CollapseTransition.vue" path="/home/ramesh/projects/github/dzangolab/vue-accordion/src/components/Accordion/CollapseTransition.vue">
        <metrics statements="19" coveredstatements="8" conditionals="0" coveredconditionals="0" methods="8" coveredmethods="4"/>
        <line num="17" count="1" type="stmt"/>
        <line num="23" count="1" type="stmt"/>
        <line num="28" count="1" type="stmt"/>
        <line num="32" count="0" type="stmt"/>
        <line num="33" count="0" type="stmt"/>
        <line num="34" count="0" type="stmt"/>
        <line num="38" count="0" type="stmt"/>
        <line num="40" count="0" type="stmt"/>
        <line num="41" count="0" type="stmt"/>
        <line num="45" count="0" type="stmt"/>
        <line num="47" count="0" type="stmt"/>
        <line num="49" count="0" type="stmt"/>
        <line num="50" count="0" type="stmt"/>
        <line num="55" count="1" type="stmt"/>
        <line num="56" count="1" type="stmt"/>
        <line num="60" count="1" type="stmt"/>
        <line num="62" count="1" type="stmt"/>
        <line num="64" count="1" type="stmt"/>
        <line num="65" count="0" type="stmt"/>
      </file>
      <file name="Index.vue" path="/home/ramesh/projects/github/dzangolab/vue-accordion/src/components/Accordion/Index.vue">
        <metrics statements="14" coveredstatements="13" conditionals="2" coveredconditionals="1" methods="7" coveredmethods="7"/>
        <line num="43" count="1" type="stmt"/>
        <line num="45" count="1" type="stmt"/>
        <line num="53" count="5" type="stmt"/>
        <line num="57" count="5" type="stmt"/>
        <line num="65" count="27" type="stmt"/>
        <line num="69" count="1" type="cond" truecount="1" falsecount="1"/>
        <line num="70" count="0" type="stmt"/>
        <line num="72" count="1" type="stmt"/>
        <line num="75" count="1" type="stmt"/>
        <line num="77" count="1" type="stmt"/>
        <line num="81" count="6" type="stmt"/>
        <line num="83" count="6" type="stmt"/>
        <line num="84" count="15" type="stmt"/>
        <line num="99" count="1" type="stmt"/>
      </file>
      <file name="Item.vue" path="/home/ramesh/projects/github/dzangolab/vue-accordion/src/components/Accordion/Item.vue">
        <metrics statements="4" coveredstatements="4" conditionals="0" coveredconditionals="0" methods="1" coveredmethods="1"/>
        <line num="48" count="2" type="stmt"/>
        <line num="49" count="2" type="stmt"/>
        <line num="50" count="2" type="stmt"/>
        <line num="61" count="2" type="stmt"/>
      </file>
    </package>
  </project>
</coverage>
