TN:
SF:/home/ramesh/projects/github/dzangolab/vue-accordion/src/assets/scss/accordion.scss
FNF:0
FNH:0
DA:1,1
LF:1
LH:1
BRF:0
BRH:0
end_of_record
TN:
SF:/home/ramesh/projects/github/dzangolab/vue-accordion/src/components/Accordion/CollapseTransition.vue
FN:16,(anonymous_1)
FN:22,(anonymous_2)
FN:26,(anonymous_3)
FN:31,(anonymous_4)
FN:37,(anonymous_5)
FN:49,(anonymous_6)
FN:54,(anonymous_7)
FN:64,(anonymous_8)
FNF:8
FNH:4
FNDA:1,(anonymous_1)
FNDA:1,(anonymous_2)
FNDA:1,(anonymous_3)
FNDA:0,(anonymous_4)
FNDA:0,(anonymous_5)
FNDA:0,(anonymous_6)
FNDA:1,(anonymous_7)
FNDA:0,(anonymous_8)
DA:17,1
DA:23,1
DA:28,1
DA:32,0
DA:33,0
DA:34,0
DA:38,0
DA:40,0
DA:41,0
DA:45,0
DA:47,0
DA:49,0
DA:50,0
DA:55,1
DA:56,1
DA:60,1
DA:62,1
DA:64,1
DA:65,0
LF:19
LH:8
BRF:0
BRH:0
end_of_record
TN:
SF:/home/ramesh/projects/github/dzangolab/vue-accordion/src/components/Accordion/Index.vue
FN:52,(anonymous_1)
FN:56,(anonymous_2)
FN:64,(anonymous_3)
FN:68,(anonymous_4)
FN:80,(anonymous_5)
FN:83,(anonymous_6)
FN:99,(anonymous_7)
FNF:7
FNH:7
FNDA:5,(anonymous_1)
FNDA:5,(anonymous_2)
FNDA:27,(anonymous_3)
FNDA:1,(anonymous_4)
FNDA:6,(anonymous_5)
FNDA:15,(anonymous_6)
FNDA:1,(anonymous_7)
DA:43,1
DA:45,1
DA:53,5
DA:57,5
DA:65,27
DA:69,1
DA:70,0
DA:72,1
DA:75,1
DA:77,1
DA:81,6
DA:83,6
DA:84,15
DA:99,1
LF:14
LH:13
BRDA:69,0,0,0
BRDA:69,0,1,1
BRF:2
BRH:1
end_of_record
TN:
SF:/home/ramesh/projects/github/dzangolab/vue-accordion/src/components/Accordion/Item.vue
FN:60,(anonymous_1)
FNF:1
FNH:1
FNDA:2,(anonymous_1)
DA:48,2
DA:49,2
DA:50,2
DA:61,2
LF:4
LH:4
BRF:0
BRH:0
end_of_record
